1764933473.160482 client started (41423): version 3.5a, socket /tmp/tmux-1000/default, protocol 8
1764933473.160512 on Linux 6.18.0 #1-NixOS SMP PREEMPT_DYNAMIC Sun Nov 30 22:42:10 UTC 2025
1764933473.160516 using libevent 2.1.12-stable poll
1764933473.160522 using utf8proc 2.11.1
1764933473.160525 using ncurses 6.5 20240427
1764933473.160543 flags are 0x10010000
1764933473.160555 socket is /tmp/tmux-1000/default
1764933473.160564 trying connect
1764933473.160636 add peer 0x55cea378c0f0: 6 ((nil))
1764933473.161052 sending message 111 to peer 0x55cea378c0f0 (8 bytes)
1764933473.161064 sending message 111 to peer 0x55cea378c0f0 (8 bytes)
1764933473.161068 sending message 101 to peer 0x55cea378c0f0 (14 bytes)
1764933473.161071 sending message 109 to peer 0x55cea378c0f0 (4 bytes)
1764933473.161075 sending message 102 to peer 0x55cea378c0f0 (11 bytes)
1764933473.161078 sending message 108 to peer 0x55cea378c0f0 (40 bytes)
1764933473.161081 sending message 112 to peer 0x55cea378c0f0 (70 bytes)
1764933473.161085 sending message 112 to peer 0x55cea378c0f0 (5 bytes)
1764933473.161088 sending message 112 to peer 0x55cea378c0f0 (5 bytes)
1764933473.161091 sending message 112 to peer 0x55cea378c0f0 (6 bytes)
1764933473.161094 sending message 112 to peer 0x55cea378c0f0 (6 bytes)
1764933473.161097 sending message 112 to peer 0x55cea378c0f0 (11 bytes)
1764933473.161100 sending message 112 to peer 0x55cea378c0f0 (10 bytes)
1764933473.161104 sending message 112 to peer 0x55cea378c0f0 (13 bytes)
1764933473.161107 sending message 112 to peer 0x55cea378c0f0 (13 bytes)
1764933473.161110 sending message 112 to peer 0x55cea378c0f0 (18 bytes)
1764933473.161113 sending message 112 to peer 0x55cea378c0f0 (11 bytes)
1764933473.161116 sending message 112 to peer 0x55cea378c0f0 (10 bytes)
1764933473.161119 sending message 112 to peer 0x55cea378c0f0 (15 bytes)
1764933473.161122 sending message 112 to peer 0x55cea378c0f0 (21 bytes)
1764933473.161125 sending message 112 to peer 0x55cea378c0f0 (13 bytes)
1764933473.161129 sending message 112 to peer 0x55cea378c0f0 (7 bytes)
1764933473.161132 sending message 112 to peer 0x55cea378c0f0 (13 bytes)
1764933473.161135 sending message 112 to peer 0x55cea378c0f0 (7 bytes)
1764933473.161138 sending message 112 to peer 0x55cea378c0f0 (13 bytes)
1764933473.161141 sending message 112 to peer 0x55cea378c0f0 (9 bytes)
1764933473.161144 sending message 112 to peer 0x55cea378c0f0 (21 bytes)
1764933473.161147 sending message 112 to peer 0x55cea378c0f0 (13 bytes)
1764933473.161151 sending message 112 to peer 0x55cea378c0f0 (8 bytes)
1764933473.161154 sending message 112 to peer 0x55cea378c0f0 (12 bytes)
1764933473.161157 sending message 112 to peer 0x55cea378c0f0 (13 bytes)
1764933473.161160 sending message 112 to peer 0x55cea378c0f0 (9 bytes)
1764933473.161163 sending message 112 to peer 0x55cea378c0f0 (9 bytes)
1764933473.161167 sending message 112 to peer 0x55cea378c0f0 (12 bytes)
1764933473.161170 sending message 112 to peer 0x55cea378c0f0 (8 bytes)
1764933473.161173 sending message 112 to peer 0x55cea378c0f0 (8 bytes)
1764933473.161176 sending message 112 to peer 0x55cea378c0f0 (7 bytes)
1764933473.161179 sending message 112 to peer 0x55cea378c0f0 (7 bytes)
1764933473.161183 sending message 112 to peer 0x55cea378c0f0 (9 bytes)
1764933473.161186 sending message 112 to peer 0x55cea378c0f0 (13 bytes)
1764933473.161189 sending message 112 to peer 0x55cea378c0f0 (6 bytes)
1764933473.161192 sending message 112 to peer 0x55cea378c0f0 (9 bytes)
1764933473.161196 sending message 112 to peer 0x55cea378c0f0 (15 bytes)
1764933473.161199 sending message 112 to peer 0x55cea378c0f0 (13 bytes)
1764933473.161202 sending message 112 to peer 0x55cea378c0f0 (12 bytes)
1764933473.161205 sending message 112 to peer 0x55cea378c0f0 (8 bytes)
1764933473.161208 sending message 112 to peer 0x55cea378c0f0 (14 bytes)
1764933473.161212 sending message 112 to peer 0x55cea378c0f0 (11 bytes)
1764933473.161215 sending message 112 to peer 0x55cea378c0f0 (9 bytes)
1764933473.161218 sending message 112 to peer 0x55cea378c0f0 (10 bytes)
1764933473.161221 sending message 112 to peer 0x55cea378c0f0 (10 bytes)
1764933473.161233 sending message 112 to peer 0x55cea378c0f0 (10 bytes)
1764933473.161237 sending message 112 to peer 0x55cea378c0f0 (10 bytes)
1764933473.161240 sending message 112 to peer 0x55cea378c0f0 (11 bytes)
1764933473.161244 sending message 112 to peer 0x55cea378c0f0 (12 bytes)
1764933473.161247 sending message 112 to peer 0x55cea378c0f0 (12 bytes)
1764933473.161250 sending message 112 to peer 0x55cea378c0f0 (12 bytes)
1764933473.161253 sending message 112 to peer 0x55cea378c0f0 (12 bytes)
1764933473.161257 sending message 112 to peer 0x55cea378c0f0 (12 bytes)
1764933473.161260 sending message 112 to peer 0x55cea378c0f0 (11 bytes)
1764933473.161263 sending message 112 to peer 0x55cea378c0f0 (11 bytes)
1764933473.161266 sending message 112 to peer 0x55cea378c0f0 (12 bytes)
1764933473.161270 sending message 112 to peer 0x55cea378c0f0 (12 bytes)
1764933473.161273 sending message 112 to peer 0x55cea378c0f0 (12 bytes)
1764933473.161276 sending message 112 to peer 0x55cea378c0f0 (12 bytes)
1764933473.161280 sending message 112 to peer 0x55cea378c0f0 (12 bytes)
1764933473.161283 sending message 112 to peer 0x55cea378c0f0 (10 bytes)
1764933473.161286 sending message 112 to peer 0x55cea378c0f0 (12 bytes)
1764933473.161289 sending message 112 to peer 0x55cea378c0f0 (13 bytes)
1764933473.161293 sending message 112 to peer 0x55cea378c0f0 (13 bytes)
1764933473.161296 sending message 112 to peer 0x55cea378c0f0 (13 bytes)
1764933473.161299 sending message 112 to peer 0x55cea378c0f0 (13 bytes)
1764933473.161302 sending message 112 to peer 0x55cea378c0f0 (13 bytes)
1764933473.161305 sending message 112 to peer 0x55cea378c0f0 (8 bytes)
1764933473.161309 sending message 112 to peer 0x55cea378c0f0 (11 bytes)
1764933473.161312 sending message 112 to peer 0x55cea378c0f0 (11 bytes)
1764933473.161315 sending message 112 to peer 0x55cea378c0f0 (11 bytes)
1764933473.161319 sending message 112 to peer 0x55cea378c0f0 (12 bytes)
1764933473.161322 sending message 112 to peer 0x55cea378c0f0 (12 bytes)
1764933473.161325 sending message 112 to peer 0x55cea378c0f0 (12 bytes)
1764933473.161328 sending message 112 to peer 0x55cea378c0f0 (12 bytes)
1764933473.161331 sending message 112 to peer 0x55cea378c0f0 (13 bytes)
1764933473.161335 sending message 112 to peer 0x55cea378c0f0 (13 bytes)
1764933473.161338 sending message 112 to peer 0x55cea378c0f0 (13 bytes)
1764933473.161341 sending message 112 to peer 0x55cea378c0f0 (8 bytes)
1764933473.161344 sending message 112 to peer 0x55cea378c0f0 (13 bytes)
1764933473.161347 sending message 112 to peer 0x55cea378c0f0 (13 bytes)
1764933473.161351 sending message 112 to peer 0x55cea378c0f0 (13 bytes)
1764933473.161354 sending message 112 to peer 0x55cea378c0f0 (13 bytes)
1764933473.161357 sending message 112 to peer 0x55cea378c0f0 (13 bytes)
1764933473.161361 sending message 112 to peer 0x55cea378c0f0 (12 bytes)
1764933473.161364 sending message 112 to peer 0x55cea378c0f0 (12 bytes)
1764933473.161367 sending message 112 to peer 0x55cea378c0f0 (12 bytes)
1764933473.161371 sending message 112 to peer 0x55cea378c0f0 (12 bytes)
1764933473.161374 sending message 112 to peer 0x55cea378c0f0 (13 bytes)
1764933473.161377 sending message 112 to peer 0x55cea378c0f0 (8 bytes)
1764933473.161380 sending message 112 to peer 0x55cea378c0f0 (13 bytes)
1764933473.161384 sending message 112 to peer 0x55cea378c0f0 (13 bytes)
1764933473.161387 sending message 112 to peer 0x55cea378c0f0 (13 bytes)
1764933473.161390 sending message 112 to peer 0x55cea378c0f0 (13 bytes)
1764933473.161393 sending message 112 to peer 0x55cea378c0f0 (13 bytes)
1764933473.161397 sending message 112 to peer 0x55cea378c0f0 (13 bytes)
1764933473.161400 sending message 112 to peer 0x55cea378c0f0 (13 bytes)
1764933473.161403 sending message 112 to peer 0x55cea378c0f0 (12 bytes)
1764933473.161406 sending message 112 to peer 0x55cea378c0f0 (12 bytes)
1764933473.161410 sending message 112 to peer 0x55cea378c0f0 (12 bytes)
1764933473.161413 sending message 112 to peer 0x55cea378c0f0 (8 bytes)
1764933473.161416 sending message 112 to peer 0x55cea378c0f0 (12 bytes)
1764933473.161425 sending message 112 to peer 0x55cea378c0f0 (13 bytes)
1764933473.161428 sending message 112 to peer 0x55cea378c0f0 (13 bytes)
1764933473.161431 sending message 112 to peer 0x55cea378c0f0 (13 bytes)
1764933473.161435 sending message 112 to peer 0x55cea378c0f0 (13 bytes)
1764933473.161438 sending message 112 to peer 0x55cea378c0f0 (13 bytes)
1764933473.161441 sending message 112 to peer 0x55cea378c0f0 (13 bytes)
1764933473.161444 sending message 112 to peer 0x55cea378c0f0 (13 bytes)
1764933473.161447 sending message 112 to peer 0x55cea378c0f0 (13 bytes)
1764933473.161451 sending message 112 to peer 0x55cea378c0f0 (12 bytes)
1764933473.161454 sending message 112 to peer 0x55cea378c0f0 (10 bytes)
1764933473.161457 sending message 112 to peer 0x55cea378c0f0 (12 bytes)
1764933473.161460 sending message 112 to peer 0x55cea378c0f0 (12 bytes)
1764933473.161463 sending message 112 to peer 0x55cea378c0f0 (12 bytes)
1764933473.161466 sending message 112 to peer 0x55cea378c0f0 (13 bytes)
1764933473.161470 sending message 112 to peer 0x55cea378c0f0 (13 bytes)
1764933473.161473 sending message 112 to peer 0x55cea378c0f0 (13 bytes)
1764933473.161476 sending message 112 to peer 0x55cea378c0f0 (13 bytes)
1764933473.161479 sending message 112 to peer 0x55cea378c0f0 (13 bytes)
1764933473.161482 sending message 112 to peer 0x55cea378c0f0 (13 bytes)
1764933473.161485 sending message 112 to peer 0x55cea378c0f0 (13 bytes)
1764933473.161489 sending message 112 to peer 0x55cea378c0f0 (10 bytes)
1764933473.161492 sending message 112 to peer 0x55cea378c0f0 (13 bytes)
1764933473.161495 sending message 112 to peer 0x55cea378c0f0 (12 bytes)
1764933473.161498 sending message 112 to peer 0x55cea378c0f0 (12 bytes)
1764933473.161501 sending message 112 to peer 0x55cea378c0f0 (12 bytes)
1764933473.161504 sending message 112 to peer 0x55cea378c0f0 (10 bytes)
1764933473.161508 sending message 112 to peer 0x55cea378c0f0 (10 bytes)
1764933473.161511 sending message 112 to peer 0x55cea378c0f0 (10 bytes)
1764933473.161514 sending message 112 to peer 0x55cea378c0f0 (12 bytes)
1764933473.161517 sending message 112 to peer 0x55cea378c0f0 (13 bytes)
1764933473.161521 sending message 112 to peer 0x55cea378c0f0 (13 bytes)
1764933473.161524 sending message 112 to peer 0x55cea378c0f0 (13 bytes)
1764933473.161527 sending message 112 to peer 0x55cea378c0f0 (13 bytes)
1764933473.161530 sending message 112 to peer 0x55cea378c0f0 (13 bytes)
1764933473.161533 sending message 112 to peer 0x55cea378c0f0 (11 bytes)
1764933473.161537 sending message 112 to peer 0x55cea378c0f0 (11 bytes)
1764933473.161540 sending message 112 to peer 0x55cea378c0f0 (12 bytes)
1764933473.161543 sending message 112 to peer 0x55cea378c0f0 (12 bytes)
1764933473.161546 sending message 112 to peer 0x55cea378c0f0 (12 bytes)
1764933473.161549 sending message 112 to peer 0x55cea378c0f0 (12 bytes)
1764933473.161553 sending message 112 to peer 0x55cea378c0f0 (12 bytes)
1764933473.161556 sending message 112 to peer 0x55cea378c0f0 (11 bytes)
1764933473.161559 sending message 112 to peer 0x55cea378c0f0 (12 bytes)
1764933473.161562 sending message 112 to peer 0x55cea378c0f0 (12 bytes)
1764933473.161566 sending message 112 to peer 0x55cea378c0f0 (13 bytes)
1764933473.161569 sending message 112 to peer 0x55cea378c0f0 (13 bytes)
1764933473.161572 sending message 112 to peer 0x55cea378c0f0 (13 bytes)
1764933473.161575 sending message 112 to peer 0x55cea378c0f0 (13 bytes)
1764933473.161578 sending message 112 to peer 0x55cea378c0f0 (13 bytes)
1764933473.161582 sending message 112 to peer 0x55cea378c0f0 (10 bytes)
1764933473.161585 sending message 112 to peer 0x55cea378c0f0 (9 bytes)
1764933473.161588 sending message 112 to peer 0x55cea378c0f0 (12 bytes)
1764933473.161591 sending message 112 to peer 0x55cea378c0f0 (13 bytes)
1764933473.161595 sending message 112 to peer 0x55cea378c0f0 (13 bytes)
1764933473.161598 sending message 112 to peer 0x55cea378c0f0 (13 bytes)
1764933473.161601 sending message 112 to peer 0x55cea378c0f0 (13 bytes)
1764933473.161604 sending message 112 to peer 0x55cea378c0f0 (13 bytes)
1764933473.161611 sending message 112 to peer 0x55cea378c0f0 (9 bytes)
1764933473.161614 sending message 112 to peer 0x55cea378c0f0 (12 bytes)
1764933473.161618 sending message 112 to peer 0x55cea378c0f0 (13 bytes)
1764933473.161621 sending message 112 to peer 0x55cea378c0f0 (13 bytes)
1764933473.161624 sending message 112 to peer 0x55cea378c0f0 (13 bytes)
1764933473.161627 sending message 112 to peer 0x55cea378c0f0 (13 bytes)
1764933473.161631 sending message 112 to peer 0x55cea378c0f0 (13 bytes)
1764933473.161634 sending message 112 to peer 0x55cea378c0f0 (11 bytes)
1764933473.161637 sending message 112 to peer 0x55cea378c0f0 (12 bytes)
1764933473.161640 sending message 112 to peer 0x55cea378c0f0 (13 bytes)
1764933473.161643 sending message 112 to peer 0x55cea378c0f0 (13 bytes)
1764933473.161647 sending message 112 to peer 0x55cea378c0f0 (13 bytes)
1764933473.161650 sending message 112 to peer 0x55cea378c0f0 (13 bytes)
1764933473.161653 sending message 112 to peer 0x55cea378c0f0 (13 bytes)
1764933473.161656 sending message 112 to peer 0x55cea378c0f0 (11 bytes)
1764933473.161659 sending message 112 to peer 0x55cea378c0f0 (12 bytes)
1764933473.161663 sending message 112 to peer 0x55cea378c0f0 (12 bytes)
1764933473.161666 sending message 112 to peer 0x55cea378c0f0 (12 bytes)
1764933473.161669 sending message 112 to peer 0x55cea378c0f0 (12 bytes)
1764933473.161672 sending message 112 to peer 0x55cea378c0f0 (12 bytes)
1764933473.161676 sending message 112 to peer 0x55cea378c0f0 (21 bytes)
1764933473.161679 sending message 112 to peer 0x55cea378c0f0 (12 bytes)
1764933473.161682 sending message 112 to peer 0x55cea378c0f0 (9 bytes)
1764933473.161686 sending message 112 to peer 0x55cea378c0f0 (6 bytes)
1764933473.161689 sending message 112 to peer 0x55cea378c0f0 (13 bytes)
1764933473.161693 sending message 112 to peer 0x55cea378c0f0 (8 bytes)
1764933473.161696 sending message 112 to peer 0x55cea378c0f0 (15 bytes)
1764933473.161699 sending message 112 to peer 0x55cea378c0f0 (13 bytes)
1764933473.161703 sending message 112 to peer 0x55cea378c0f0 (9 bytes)
1764933473.161706 sending message 112 to peer 0x55cea378c0f0 (70 bytes)
1764933473.161709 sending message 112 to peer 0x55cea378c0f0 (69 bytes)
1764933473.161713 sending message 112 to peer 0x55cea378c0f0 (10 bytes)
1764933473.161717 sending message 112 to peer 0x55cea378c0f0 (10 bytes)
1764933473.161720 sending message 112 to peer 0x55cea378c0f0 (8 bytes)
1764933473.161724 sending message 112 to peer 0x55cea378c0f0 (15 bytes)
1764933473.161727 sending message 112 to peer 0x55cea378c0f0 (13 bytes)
1764933473.161731 sending message 112 to peer 0x55cea378c0f0 (10 bytes)
1764933473.161734 sending message 112 to peer 0x55cea378c0f0 (10 bytes)
1764933473.161737 sending message 112 to peer 0x55cea378c0f0 (17 bytes)
1764933473.161741 sending message 112 to peer 0x55cea378c0f0 (10 bytes)
1764933473.161744 sending message 112 to peer 0x55cea378c0f0 (13 bytes)
1764933473.161747 sending message 112 to peer 0x55cea378c0f0 (9 bytes)
1764933473.161751 sending message 112 to peer 0x55cea378c0f0 (5 bytes)
1764933473.161754 sending message 112 to peer 0x55cea378c0f0 (15 bytes)
1764933473.161759 sending message 104 to peer 0x55cea378c0f0 (0 bytes)
1764933473.161763 sending message 110 to peer 0x55cea378c0f0 (0 bytes)
1764933473.161767 sending message 107 to peer 0x55cea378c0f0 (4 bytes)
1764933473.161771 sending message 105 to peer 0x55cea378c0f0 (32 bytes)
1764933473.161774 sending message 105 to peer 0x55cea378c0f0 (16 bytes)
1764933473.161778 sending message 105 to peer 0x55cea378c0f0 (42 bytes)
1764933473.161781 sending message 105 to peer 0x55cea378c0f0 (14 bytes)
1764933473.161785 sending message 105 to peer 0x55cea378c0f0 (24 bytes)
1764933473.161789 sending message 105 to peer 0x55cea378c0f0 (20 bytes)
1764933473.161792 sending message 105 to peer 0x55cea378c0f0 (79 bytes)
1764933473.161796 sending message 105 to peer 0x55cea378c0f0 (54 bytes)
1764933473.161799 sending message 105 to peer 0x55cea378c0f0 (88 bytes)
1764933473.161802 sending message 105 to peer 0x55cea378c0f0 (25 bytes)
1764933473.161809 sending message 105 to peer 0x55cea378c0f0 (19 bytes)
1764933473.161812 sending message 105 to peer 0x55cea378c0f0 (11 bytes)
1764933473.161816 sending message 105 to peer 0x55cea378c0f0 (25 bytes)
1764933473.161819 sending message 105 to peer 0x55cea378c0f0 (39 bytes)
1764933473.161822 sending message 105 to peer 0x55cea378c0f0 (37 bytes)
1764933473.161826 sending message 105 to peer 0x55cea378c0f0 (116 bytes)
1764933473.161830 sending message 105 to peer 0x55cea378c0f0 (42 bytes)
1764933473.161833 sending message 105 to peer 0x55cea378c0f0 (14 bytes)
1764933473.161837 sending message 105 to peer 0x55cea378c0f0 (212 bytes)
1764933473.161841 sending message 105 to peer 0x55cea378c0f0 (234 bytes)
1764933473.161845 sending message 105 to peer 0x55cea378c0f0 (778 bytes)
1764933473.161849 sending message 105 to peer 0x55cea378c0f0 (26 bytes)
1764933473.161852 sending message 105 to peer 0x55cea378c0f0 (92 bytes)
1764933473.161856 sending message 105 to peer 0x55cea378c0f0 (14 bytes)
1764933473.161859 sending message 105 to peer 0x55cea378c0f0 (167 bytes)
1764933473.161863 sending message 105 to peer 0x55cea378c0f0 (41 bytes)
1764933473.161867 sending message 105 to peer 0x55cea378c0f0 (38 bytes)
1764933473.161870 sending message 105 to peer 0x55cea378c0f0 (37 bytes)
1764933473.161874 sending message 105 to peer 0x55cea378c0f0 (35 bytes)
1764933473.161877 sending message 105 to peer 0x55cea378c0f0 (49 bytes)
1764933473.161881 sending message 105 to peer 0x55cea378c0f0 (52 bytes)
1764933473.161885 sending message 105 to peer 0x55cea378c0f0 (966 bytes)
1764933473.161888 sending message 105 to peer 0x55cea378c0f0 (17 bytes)
1764933473.161892 sending message 105 to peer 0x55cea378c0f0 (30 bytes)
1764933473.161896 sending message 105 to peer 0x55cea378c0f0 (16 bytes)
1764933473.161899 sending message 105 to peer 0x55cea378c0f0 (64 bytes)
1764933473.161903 sending message 105 to peer 0x55cea378c0f0 (17 bytes)
1764933473.161906 sending message 105 to peer 0x55cea378c0f0 (19 bytes)
1764933473.161910 sending message 105 to peer 0x55cea378c0f0 (35 bytes)
1764933473.161913 sending message 105 to peer 0x55cea378c0f0 (49 bytes)
1764933473.161917 sending message 105 to peer 0x55cea378c0f0 (58 bytes)
1764933473.161921 sending message 105 to peer 0x55cea378c0f0 (583 bytes)
1764933473.161924 sending message 105 to peer 0x55cea378c0f0 (90 bytes)
1764933473.161928 sending message 105 to peer 0x55cea378c0f0 (30 bytes)
1764933473.161931 sending message 105 to peer 0x55cea378c0f0 (47 bytes)
1764933473.161935 sending message 105 to peer 0x55cea378c0f0 (38 bytes)
1764933473.161938 sending message 105 to peer 0x55cea378c0f0 (16 bytes)
1764933473.161942 sending message 105 to peer 0x55cea378c0f0 (60 bytes)
1764933473.161946 sending message 105 to peer 0x55cea378c0f0 (38 bytes)
1764933473.161950 sending message 105 to peer 0x55cea378c0f0 (18 bytes)
1764933473.161953 sending message 105 to peer 0x55cea378c0f0 (129 bytes)
1764933473.161957 sending message 105 to peer 0x55cea378c0f0 (17 bytes)
1764933473.161960 sending message 105 to peer 0x55cea378c0f0 (21 bytes)
1764933473.161964 sending message 105 to peer 0x55cea378c0f0 (57 bytes)
1764933473.161967 sending message 105 to peer 0x55cea378c0f0 (23 bytes)
1764933473.161971 sending message 105 to peer 0x55cea378c0f0 (19 bytes)
1764933473.161974 sending message 105 to peer 0x55cea378c0f0 (23 bytes)
1764933473.161978 sending message 105 to peer 0x55cea378c0f0 (21 bytes)
1764933473.161981 sending message 105 to peer 0x55cea378c0f0 (30 bytes)
1764933473.161984 sending message 105 to peer 0x55cea378c0f0 (27 bytes)
1764933473.161994 sending message 105 to peer 0x55cea378c0f0 (24 bytes)
1764933473.161999 sending message 105 to peer 0x55cea378c0f0 (24 bytes)
1764933473.162003 sending message 105 to peer 0x55cea378c0f0 (20 bytes)
1764933473.162006 sending message 105 to peer 0x55cea378c0f0 (23 bytes)
1764933473.162010 sending message 105 to peer 0x55cea378c0f0 (21 bytes)
1764933473.162013 sending message 105 to peer 0x55cea378c0f0 (25 bytes)
1764933473.162021 sending message 105 to peer 0x55cea378c0f0 (20 bytes)
1764933473.162024 sending message 105 to peer 0x55cea378c0f0 (12 bytes)
1764933473.162028 sending message 105 to peer 0x55cea378c0f0 (45 bytes)
1764933473.162032 sending message 105 to peer 0x55cea378c0f0 (72 bytes)
1764933473.162036 sending message 105 to peer 0x55cea378c0f0 (25 bytes)
1764933473.162039 sending message 105 to peer 0x55cea378c0f0 (31 bytes)
1764933473.162043 sending message 105 to peer 0x55cea378c0f0 (21 bytes)
1764933473.162046 sending message 105 to peer 0x55cea378c0f0 (21 bytes)
1764933473.162050 sending message 105 to peer 0x55cea378c0f0 (28 bytes)
1764933473.162053 sending message 105 to peer 0x55cea378c0f0 (21 bytes)
1764933473.162056 sending message 105 to peer 0x55cea378c0f0 (31 bytes)
1764933473.162060 sending message 105 to peer 0x55cea378c0f0 (300 bytes)
1764933473.162063 sending message 105 to peer 0x55cea378c0f0 (27 bytes)
1764933473.162067 sending message 105 to peer 0x55cea378c0f0 (64 bytes)
1764933473.162073 sending message 105 to peer 0x55cea378c0f0 (14 bytes)
1764933473.162077 sending message 105 to peer 0x55cea378c0f0 (144 bytes)
1764933473.162081 sending message 105 to peer 0x55cea378c0f0 (19 bytes)
1764933473.162084 sending message 105 to peer 0x55cea378c0f0 (21 bytes)
1764933473.162088 sending message 105 to peer 0x55cea378c0f0 (17 bytes)
1764933473.162095 sending message 105 to peer 0x55cea378c0f0 (43 bytes)
1764933473.162099 sending message 105 to peer 0x55cea378c0f0 (54 bytes)
1764933473.162103 sending message 105 to peer 0x55cea378c0f0 (28 bytes)
1764933473.162106 sending message 105 to peer 0x55cea378c0f0 (110 bytes)
1764933473.162110 sending message 105 to peer 0x55cea378c0f0 (236 bytes)
1764933473.162113 sending message 105 to peer 0x55cea378c0f0 (28 bytes)
1764933473.162117 sending message 105 to peer 0x55cea378c0f0 (58 bytes)
1764933473.162120 sending message 105 to peer 0x55cea378c0f0 (83 bytes)
1764933473.162124 sending message 105 to peer 0x55cea378c0f0 (52 bytes)
1764933473.162127 sending message 105 to peer 0x55cea378c0f0 (48 bytes)
1764933473.162131 sending message 105 to peer 0x55cea378c0f0 (23 bytes)
1764933473.162134 sending message 105 to peer 0x55cea378c0f0 (37 bytes)
1764933473.162137 sending message 105 to peer 0x55cea378c0f0 (16 bytes)
1764933473.162141 sending message 105 to peer 0x55cea378c0f0 (43 bytes)
1764933473.162145 sending message 105 to peer 0x55cea378c0f0 (1214 bytes)
1764933473.162174 sending message 105 to peer 0x55cea378c0f0 (44 bytes)
1764933473.162178 sending message 105 to peer 0x55cea378c0f0 (50 bytes)
1764933473.162182 sending message 105 to peer 0x55cea378c0f0 (55 bytes)
1764933473.162185 sending message 105 to peer 0x55cea378c0f0 (719 bytes)
1764933473.162189 sending message 105 to peer 0x55cea378c0f0 (412 bytes)
1764933473.162193 sending message 105 to peer 0x55cea378c0f0 (30 bytes)
1764933473.162196 sending message 105 to peer 0x55cea378c0f0 (28 bytes)
1764933473.162200 sending message 105 to peer 0x55cea378c0f0 (781 bytes)
1764933473.162204 sending message 105 to peer 0x55cea378c0f0 (24 bytes)
1764933473.162207 sending message 105 to peer 0x55cea378c0f0 (25 bytes)
1764933473.162211 sending message 105 to peer 0x55cea378c0f0 (38 bytes)
1764933473.162214 sending message 105 to peer 0x55cea378c0f0 (16 bytes)
1764933473.162217 sending message 105 to peer 0x55cea378c0f0 (49 bytes)
1764933473.162221 sending message 105 to peer 0x55cea378c0f0 (188 bytes)
1764933473.162224 sending message 105 to peer 0x55cea378c0f0 (37 bytes)
1764933473.162228 sending message 105 to peer 0x55cea378c0f0 (8 bytes)
1764933473.162231 sending message 105 to peer 0x55cea378c0f0 (13 bytes)
1764933473.162235 sending message 105 to peer 0x55cea378c0f0 (39 bytes)
1764933473.162238 sending message 105 to peer 0x55cea378c0f0 (19 bytes)
1764933473.162241 sending message 105 to peer 0x55cea378c0f0 (15 bytes)
1764933473.162245 sending message 105 to peer 0x55cea378c0f0 (85 bytes)
1764933473.162248 sending message 105 to peer 0x55cea378c0f0 (357 bytes)
1764933473.162252 sending message 105 to peer 0x55cea378c0f0 (18 bytes)
1764933473.162259 sending message 105 to peer 0x55cea378c0f0 (26 bytes)
1764933473.162263 sending message 105 to peer 0x55cea378c0f0 (36 bytes)
1764933473.162267 sending message 105 to peer 0x55cea378c0f0 (13 bytes)
1764933473.162270 sending message 105 to peer 0x55cea378c0f0 (20 bytes)
1764933473.162273 sending message 105 to peer 0x55cea378c0f0 (11 bytes)
1764933473.162277 sending message 105 to peer 0x55cea378c0f0 (48 bytes)
1764933473.162280 sending message 105 to peer 0x55cea378c0f0 (12 bytes)
1764933473.162284 sending message 105 to peer 0x55cea378c0f0 (26 bytes)
1764933473.162287 sending message 105 to peer 0x55cea378c0f0 (39 bytes)
1764933473.162290 sending message 105 to peer 0x55cea378c0f0 (57 bytes)
1764933473.162294 sending message 105 to peer 0x55cea378c0f0 (20 bytes)
1764933473.162298 sending message 105 to peer 0x55cea378c0f0 (717 bytes)
1764933473.162301 sending message 105 to peer 0x55cea378c0f0 (16 bytes)
1764933473.162305 sending message 105 to peer 0x55cea378c0f0 (32 bytes)
1764933473.162308 sending message 105 to peer 0x55cea378c0f0 (20 bytes)
1764933473.162312 sending message 105 to peer 0x55cea378c0f0 (34 bytes)
1764933473.162315 sending message 105 to peer 0x55cea378c0f0 (344 bytes)
1764933473.162319 sending message 105 to peer 0x55cea378c0f0 (36 bytes)
1764933473.162323 sending message 105 to peer 0x55cea378c0f0 (29 bytes)
1764933473.162327 sending message 105 to peer 0x55cea378c0f0 (344 bytes)
1764933473.162330 sending message 105 to peer 0x55cea378c0f0 (39 bytes)
1764933473.162334 sending message 105 to peer 0x55cea378c0f0 (24 bytes)
1764933473.162337 sending message 105 to peer 0x55cea378c0f0 (31 bytes)
1764933473.162341 sending message 105 to peer 0x55cea378c0f0 (15 bytes)
1764933473.162344 sending message 105 to peer 0x55cea378c0f0 (29 bytes)
1764933473.162348 sending message 105 to peer 0x55cea378c0f0 (17 bytes)
1764933473.162351 sending message 105 to peer 0x55cea378c0f0 (25 bytes)
1764933473.162355 sending message 105 to peer 0x55cea378c0f0 (11 bytes)
1764933473.162358 sending message 105 to peer 0x55cea378c0f0 (40 bytes)
1764933473.162362 sending message 105 to peer 0x55cea378c0f0 (42 bytes)
1764933473.162365 sending message 105 to peer 0x55cea378c0f0 (46 bytes)
1764933473.162368 sending message 105 to peer 0x55cea378c0f0 (17 bytes)
1764933473.162372 sending message 105 to peer 0x55cea378c0f0 (33 bytes)
1764933473.162376 sending message 105 to peer 0x55cea378c0f0 (50 bytes)
1764933473.162379 sending message 105 to peer 0x55cea378c0f0 (34 bytes)
1764933473.162383 sending message 105 to peer 0x55cea378c0f0 (30 bytes)
1764933473.162386 sending message 105 to peer 0x55cea378c0f0 (66 bytes)
1764933473.162390 sending message 105 to peer 0x55cea378c0f0 (21 bytes)
1764933473.162393 sending message 105 to peer 0x55cea378c0f0 (31 bytes)
1764933473.162397 sending message 105 to peer 0x55cea378c0f0 (124 bytes)
1764933473.162400 sending message 105 to peer 0x55cea378c0f0 (70 bytes)
1764933473.162404 sending message 105 to peer 0x55cea378c0f0 (64 bytes)
1764933473.162408 sending message 106 to peer 0x55cea378c0f0 (0 bytes)
1764933473.162500 sending message 200 to peer 0x55cea378c0f0 (4 bytes)
1764933473.162505 client loop enter
1764933473.166119 peer 0x55cea378c0f0 message 303
1764933473.166135 open write file 2 -
1764933473.166150 sending message 305 to peer 0x55cea378c0f0 (8 bytes)
1764933473.166166 write check file 2
1764933473.166355 peer 0x55cea378c0f0 message 304
1764933473.166364 write 58 to file 2
1764933473.166371 peer 0x55cea378c0f0 message 203
1764933473.166375 file 2 58 bytes left
1764933473.166395 write check file 2
1764933473.166399 client loop exit
