1752313823.506266 client started (22189): version 3.2a, socket /tmp/tmux-1000/default, protocol 8
1752313823.506277 on Linux 6.6.87.2-microsoft-standard-WSL2 #1 SMP PREEMPT_DYNAMIC Thu Jun  5 18:30:46 UTC 2025
1752313823.506279 using libevent 2.1.12-stable (poll); ncurses 6.3
1752313823.506284 flags are 0x18010000
1752313823.506285 socket is /tmp/tmux-1000/default
1752313823.506290 trying connect
1752313823.506296 connect failed: Connection refused
1752313823.506299 lock file is /tmp/tmux-1000/default.lock
1752313823.506311 flock succeeded
1752313823.506311 got lock (6)
1752313823.506313 trying connect
1752313823.506314 connect failed: Connection refused
1752313823.506420 add peer 0x5f8d8f99da40: 7 ((nil))
1752313823.506607 sending message 100 to peer 0x5f8d8f99da40 (4 bytes)
1752313823.506609 sending message 111 to peer 0x5f8d8f99da40 (8 bytes)
1752313823.506610 sending message 101 to peer 0x5f8d8f99da40 (15 bytes)
1752313823.506611 sending message 109 to peer 0x5f8d8f99da40 (4 bytes)
1752313823.506612 sending message 102 to peer 0x5f8d8f99da40 (11 bytes)
1752313823.506613 sending message 108 to peer 0x5f8d8f99da40 (32 bytes)
1752313823.506614 sending message 112 to peer 0x5f8d8f99da40 (58 bytes)
1752313823.506615 sending message 112 to peer 0x5f8d8f99da40 (5 bytes)
1752313823.506616 sending message 112 to peer 0x5f8d8f99da40 (5 bytes)
1752313823.506616 sending message 112 to peer 0x5f8d8f99da40 (6 bytes)
1752313823.506617 sending message 112 to peer 0x5f8d8f99da40 (6 bytes)
1752313823.506618 sending message 112 to peer 0x5f8d8f99da40 (11 bytes)
1752313823.506619 sending message 112 to peer 0x5f8d8f99da40 (10 bytes)
1752313823.506619 sending message 112 to peer 0x5f8d8f99da40 (13 bytes)
1752313823.506620 sending message 112 to peer 0x5f8d8f99da40 (14 bytes)
1752313823.506621 sending message 112 to peer 0x5f8d8f99da40 (19 bytes)
1752313823.506621 sending message 112 to peer 0x5f8d8f99da40 (11 bytes)
1752313823.506622 sending message 112 to peer 0x5f8d8f99da40 (10 bytes)
1752313823.506623 sending message 112 to peer 0x5f8d8f99da40 (15 bytes)
1752313823.506624 sending message 112 to peer 0x5f8d8f99da40 (21 bytes)
1752313823.506625 sending message 112 to peer 0x5f8d8f99da40 (13 bytes)
1752313823.506625 sending message 112 to peer 0x5f8d8f99da40 (7 bytes)
1752313823.506626 sending message 112 to peer 0x5f8d8f99da40 (13 bytes)
1752313823.506627 sending message 112 to peer 0x5f8d8f99da40 (7 bytes)
1752313823.506627 sending message 112 to peer 0x5f8d8f99da40 (13 bytes)
1752313823.506628 sending message 112 to peer 0x5f8d8f99da40 (9 bytes)
1752313823.506629 sending message 112 to peer 0x5f8d8f99da40 (21 bytes)
1752313823.506630 sending message 112 to peer 0x5f8d8f99da40 (13 bytes)
1752313823.506630 sending message 112 to peer 0x5f8d8f99da40 (9 bytes)
1752313823.506631 sending message 112 to peer 0x5f8d8f99da40 (16 bytes)
1752313823.506632 sending message 112 to peer 0x5f8d8f99da40 (13 bytes)
1752313823.506633 sending message 112 to peer 0x5f8d8f99da40 (9 bytes)
1752313823.506633 sending message 112 to peer 0x5f8d8f99da40 (9 bytes)
1752313823.506634 sending message 112 to peer 0x5f8d8f99da40 (12 bytes)
1752313823.506635 sending message 112 to peer 0x5f8d8f99da40 (8 bytes)
1752313823.506635 sending message 112 to peer 0x5f8d8f99da40 (8 bytes)
1752313823.506636 sending message 112 to peer 0x5f8d8f99da40 (13 bytes)
1752313823.506637 sending message 112 to peer 0x5f8d8f99da40 (7 bytes)
1752313823.506638 sending message 112 to peer 0x5f8d8f99da40 (7 bytes)
1752313823.506638 sending message 112 to peer 0x5f8d8f99da40 (9 bytes)
1752313823.506639 sending message 112 to peer 0x5f8d8f99da40 (9 bytes)
1752313823.506640 sending message 112 to peer 0x5f8d8f99da40 (15 bytes)
1752313823.506640 sending message 112 to peer 0x5f8d8f99da40 (13 bytes)
1752313823.506641 sending message 112 to peer 0x5f8d8f99da40 (12 bytes)
1752313823.506642 sending message 112 to peer 0x5f8d8f99da40 (8 bytes)
1752313823.506643 sending message 112 to peer 0x5f8d8f99da40 (14 bytes)
1752313823.506643 sending message 112 to peer 0x5f8d8f99da40 (11 bytes)
1752313823.506644 sending message 112 to peer 0x5f8d8f99da40 (9 bytes)
1752313823.506648 sending message 112 to peer 0x5f8d8f99da40 (10 bytes)
1752313823.506648 sending message 112 to peer 0x5f8d8f99da40 (10 bytes)
1752313823.506649 sending message 112 to peer 0x5f8d8f99da40 (10 bytes)
1752313823.506650 sending message 112 to peer 0x5f8d8f99da40 (10 bytes)
1752313823.506651 sending message 112 to peer 0x5f8d8f99da40 (11 bytes)
1752313823.506651 sending message 112 to peer 0x5f8d8f99da40 (12 bytes)
1752313823.506652 sending message 112 to peer 0x5f8d8f99da40 (12 bytes)
1752313823.506653 sending message 112 to peer 0x5f8d8f99da40 (12 bytes)
1752313823.506654 sending message 112 to peer 0x5f8d8f99da40 (12 bytes)
1752313823.506655 sending message 112 to peer 0x5f8d8f99da40 (12 bytes)
1752313823.506655 sending message 112 to peer 0x5f8d8f99da40 (11 bytes)
1752313823.506656 sending message 112 to peer 0x5f8d8f99da40 (11 bytes)
1752313823.506657 sending message 112 to peer 0x5f8d8f99da40 (12 bytes)
1752313823.506657 sending message 112 to peer 0x5f8d8f99da40 (12 bytes)
1752313823.506658 sending message 112 to peer 0x5f8d8f99da40 (12 bytes)
1752313823.506659 sending message 112 to peer 0x5f8d8f99da40 (12 bytes)
1752313823.506659 sending message 112 to peer 0x5f8d8f99da40 (12 bytes)
1752313823.506660 sending message 112 to peer 0x5f8d8f99da40 (9 bytes)
1752313823.506661 sending message 112 to peer 0x5f8d8f99da40 (12 bytes)
1752313823.506661 sending message 112 to peer 0x5f8d8f99da40 (13 bytes)
1752313823.506662 sending message 112 to peer 0x5f8d8f99da40 (13 bytes)
1752313823.506663 sending message 112 to peer 0x5f8d8f99da40 (13 bytes)
1752313823.506664 sending message 112 to peer 0x5f8d8f99da40 (13 bytes)
1752313823.506664 sending message 112 to peer 0x5f8d8f99da40 (13 bytes)
1752313823.506665 sending message 112 to peer 0x5f8d8f99da40 (8 bytes)
1752313823.506666 sending message 112 to peer 0x5f8d8f99da40 (11 bytes)
1752313823.506666 sending message 112 to peer 0x5f8d8f99da40 (11 bytes)
1752313823.506667 sending message 112 to peer 0x5f8d8f99da40 (11 bytes)
1752313823.506668 sending message 112 to peer 0x5f8d8f99da40 (12 bytes)
1752313823.506668 sending message 112 to peer 0x5f8d8f99da40 (12 bytes)
1752313823.506669 sending message 112 to peer 0x5f8d8f99da40 (12 bytes)
1752313823.506670 sending message 112 to peer 0x5f8d8f99da40 (12 bytes)
1752313823.506670 sending message 112 to peer 0x5f8d8f99da40 (13 bytes)
1752313823.506671 sending message 112 to peer 0x5f8d8f99da40 (13 bytes)
1752313823.506672 sending message 112 to peer 0x5f8d8f99da40 (13 bytes)
1752313823.506672 sending message 112 to peer 0x5f8d8f99da40 (8 bytes)
1752313823.506673 sending message 112 to peer 0x5f8d8f99da40 (13 bytes)
1752313823.506674 sending message 112 to peer 0x5f8d8f99da40 (13 bytes)
1752313823.506675 sending message 112 to peer 0x5f8d8f99da40 (13 bytes)
1752313823.506675 sending message 112 to peer 0x5f8d8f99da40 (13 bytes)
1752313823.506676 sending message 112 to peer 0x5f8d8f99da40 (13 bytes)
1752313823.506677 sending message 112 to peer 0x5f8d8f99da40 (12 bytes)
1752313823.506677 sending message 112 to peer 0x5f8d8f99da40 (12 bytes)
1752313823.506678 sending message 112 to peer 0x5f8d8f99da40 (12 bytes)
1752313823.506679 sending message 112 to peer 0x5f8d8f99da40 (12 bytes)
1752313823.506679 sending message 112 to peer 0x5f8d8f99da40 (13 bytes)
1752313823.506680 sending message 112 to peer 0x5f8d8f99da40 (8 bytes)
1752313823.506680 sending message 112 to peer 0x5f8d8f99da40 (13 bytes)
1752313823.506681 sending message 112 to peer 0x5f8d8f99da40 (13 bytes)
1752313823.506682 sending message 112 to peer 0x5f8d8f99da40 (13 bytes)
1752313823.506683 sending message 112 to peer 0x5f8d8f99da40 (13 bytes)
1752313823.506683 sending message 112 to peer 0x5f8d8f99da40 (13 bytes)
1752313823.506684 sending message 112 to peer 0x5f8d8f99da40 (13 bytes)
1752313823.506685 sending message 112 to peer 0x5f8d8f99da40 (13 bytes)
1752313823.506685 sending message 112 to peer 0x5f8d8f99da40 (12 bytes)
1752313823.506686 sending message 112 to peer 0x5f8d8f99da40 (12 bytes)
1752313823.506687 sending message 112 to peer 0x5f8d8f99da40 (12 bytes)
1752313823.506689 sending message 112 to peer 0x5f8d8f99da40 (8 bytes)
1752313823.506690 sending message 112 to peer 0x5f8d8f99da40 (12 bytes)
1752313823.506690 sending message 112 to peer 0x5f8d8f99da40 (13 bytes)
1752313823.506691 sending message 112 to peer 0x5f8d8f99da40 (13 bytes)
1752313823.506692 sending message 112 to peer 0x5f8d8f99da40 (13 bytes)
1752313823.506692 sending message 112 to peer 0x5f8d8f99da40 (13 bytes)
1752313823.506693 sending message 112 to peer 0x5f8d8f99da40 (13 bytes)
1752313823.506694 sending message 112 to peer 0x5f8d8f99da40 (13 bytes)
1752313823.506695 sending message 112 to peer 0x5f8d8f99da40 (13 bytes)
1752313823.506695 sending message 112 to peer 0x5f8d8f99da40 (13 bytes)
1752313823.506696 sending message 112 to peer 0x5f8d8f99da40 (12 bytes)
1752313823.506697 sending message 112 to peer 0x5f8d8f99da40 (10 bytes)
1752313823.506697 sending message 112 to peer 0x5f8d8f99da40 (12 bytes)
1752313823.506698 sending message 112 to peer 0x5f8d8f99da40 (12 bytes)
1752313823.506699 sending message 112 to peer 0x5f8d8f99da40 (12 bytes)
1752313823.506699 sending message 112 to peer 0x5f8d8f99da40 (13 bytes)
1752313823.506700 sending message 112 to peer 0x5f8d8f99da40 (13 bytes)
1752313823.506701 sending message 112 to peer 0x5f8d8f99da40 (13 bytes)
1752313823.506701 sending message 112 to peer 0x5f8d8f99da40 (13 bytes)
1752313823.506702 sending message 112 to peer 0x5f8d8f99da40 (13 bytes)
1752313823.506703 sending message 112 to peer 0x5f8d8f99da40 (13 bytes)
1752313823.506703 sending message 112 to peer 0x5f8d8f99da40 (13 bytes)
1752313823.506704 sending message 112 to peer 0x5f8d8f99da40 (10 bytes)
1752313823.506705 sending message 112 to peer 0x5f8d8f99da40 (13 bytes)
1752313823.506705 sending message 112 to peer 0x5f8d8f99da40 (12 bytes)
1752313823.506706 sending message 112 to peer 0x5f8d8f99da40 (12 bytes)
1752313823.506707 sending message 112 to peer 0x5f8d8f99da40 (12 bytes)
1752313823.506707 sending message 112 to peer 0x5f8d8f99da40 (10 bytes)
1752313823.506708 sending message 112 to peer 0x5f8d8f99da40 (10 bytes)
1752313823.506709 sending message 112 to peer 0x5f8d8f99da40 (10 bytes)
1752313823.506709 sending message 112 to peer 0x5f8d8f99da40 (12 bytes)
1752313823.506710 sending message 112 to peer 0x5f8d8f99da40 (13 bytes)
1752313823.506711 sending message 112 to peer 0x5f8d8f99da40 (13 bytes)
1752313823.506711 sending message 112 to peer 0x5f8d8f99da40 (13 bytes)
1752313823.506712 sending message 112 to peer 0x5f8d8f99da40 (13 bytes)
1752313823.506713 sending message 112 to peer 0x5f8d8f99da40 (13 bytes)
1752313823.506713 sending message 112 to peer 0x5f8d8f99da40 (10 bytes)
1752313823.506714 sending message 112 to peer 0x5f8d8f99da40 (11 bytes)
1752313823.506715 sending message 112 to peer 0x5f8d8f99da40 (12 bytes)
1752313823.506715 sending message 112 to peer 0x5f8d8f99da40 (12 bytes)
1752313823.506716 sending message 112 to peer 0x5f8d8f99da40 (12 bytes)
1752313823.506717 sending message 112 to peer 0x5f8d8f99da40 (12 bytes)
1752313823.506717 sending message 112 to peer 0x5f8d8f99da40 (12 bytes)
1752313823.506718 sending message 112 to peer 0x5f8d8f99da40 (11 bytes)
1752313823.506719 sending message 112 to peer 0x5f8d8f99da40 (12 bytes)
1752313823.506719 sending message 112 to peer 0x5f8d8f99da40 (12 bytes)
1752313823.506720 sending message 112 to peer 0x5f8d8f99da40 (13 bytes)
1752313823.506721 sending message 112 to peer 0x5f8d8f99da40 (13 bytes)
1752313823.506721 sending message 112 to peer 0x5f8d8f99da40 (13 bytes)
1752313823.506722 sending message 112 to peer 0x5f8d8f99da40 (13 bytes)
1752313823.506723 sending message 112 to peer 0x5f8d8f99da40 (13 bytes)
1752313823.506723 sending message 112 to peer 0x5f8d8f99da40 (10 bytes)
1752313823.506724 sending message 112 to peer 0x5f8d8f99da40 (9 bytes)
1752313823.506725 sending message 112 to peer 0x5f8d8f99da40 (12 bytes)
1752313823.506725 sending message 112 to peer 0x5f8d8f99da40 (13 bytes)
1752313823.506726 sending message 112 to peer 0x5f8d8f99da40 (13 bytes)
1752313823.506727 sending message 112 to peer 0x5f8d8f99da40 (13 bytes)
1752313823.506728 sending message 112 to peer 0x5f8d8f99da40 (13 bytes)
1752313823.506729 sending message 112 to peer 0x5f8d8f99da40 (13 bytes)
1752313823.506730 sending message 112 to peer 0x5f8d8f99da40 (9 bytes)
1752313823.506730 sending message 112 to peer 0x5f8d8f99da40 (12 bytes)
1752313823.506731 sending message 112 to peer 0x5f8d8f99da40 (13 bytes)
1752313823.506732 sending message 112 to peer 0x5f8d8f99da40 (13 bytes)
1752313823.506733 sending message 112 to peer 0x5f8d8f99da40 (13 bytes)
1752313823.506733 sending message 112 to peer 0x5f8d8f99da40 (13 bytes)
1752313823.506734 sending message 112 to peer 0x5f8d8f99da40 (13 bytes)
1752313823.506735 sending message 112 to peer 0x5f8d8f99da40 (11 bytes)
1752313823.506736 sending message 112 to peer 0x5f8d8f99da40 (12 bytes)
1752313823.506736 sending message 112 to peer 0x5f8d8f99da40 (13 bytes)
1752313823.506737 sending message 112 to peer 0x5f8d8f99da40 (13 bytes)
1752313823.506737 sending message 112 to peer 0x5f8d8f99da40 (13 bytes)
1752313823.506747 sending message 112 to peer 0x5f8d8f99da40 (13 bytes)
1752313823.506749 sending message 112 to peer 0x5f8d8f99da40 (13 bytes)
1752313823.506750 sending message 112 to peer 0x5f8d8f99da40 (11 bytes)
1752313823.506751 sending message 112 to peer 0x5f8d8f99da40 (12 bytes)
1752313823.506751 sending message 112 to peer 0x5f8d8f99da40 (12 bytes)
1752313823.506752 sending message 112 to peer 0x5f8d8f99da40 (12 bytes)
1752313823.506753 sending message 112 to peer 0x5f8d8f99da40 (12 bytes)
1752313823.506753 sending message 112 to peer 0x5f8d8f99da40 (12 bytes)
1752313823.506754 sending message 112 to peer 0x5f8d8f99da40 (21 bytes)
1752313823.506755 sending message 112 to peer 0x5f8d8f99da40 (12 bytes)
1752313823.506755 sending message 112 to peer 0x5f8d8f99da40 (9 bytes)
1752313823.506756 sending message 112 to peer 0x5f8d8f99da40 (6 bytes)
1752313823.506757 sending message 112 to peer 0x5f8d8f99da40 (13 bytes)
1752313823.506757 sending message 112 to peer 0x5f8d8f99da40 (10 bytes)
1752313823.506758 sending message 112 to peer 0x5f8d8f99da40 (24 bytes)
1752313823.506759 sending message 112 to peer 0x5f8d8f99da40 (13 bytes)
1752313823.506759 sending message 112 to peer 0x5f8d8f99da40 (9 bytes)
1752313823.506762 sending message 112 to peer 0x5f8d8f99da40 (70 bytes)
1752313823.506762 sending message 112 to peer 0x5f8d8f99da40 (69 bytes)
1752313823.506763 sending message 112 to peer 0x5f8d8f99da40 (12 bytes)
1752313823.506764 sending message 112 to peer 0x5f8d8f99da40 (10 bytes)
1752313823.506764 sending message 112 to peer 0x5f8d8f99da40 (10 bytes)
1752313823.506765 sending message 112 to peer 0x5f8d8f99da40 (24 bytes)
1752313823.506766 sending message 112 to peer 0x5f8d8f99da40 (13 bytes)
1752313823.506766 sending message 112 to peer 0x5f8d8f99da40 (10 bytes)
1752313823.506767 sending message 112 to peer 0x5f8d8f99da40 (10 bytes)
1752313823.506768 sending message 112 to peer 0x5f8d8f99da40 (10 bytes)
1752313823.506768 sending message 112 to peer 0x5f8d8f99da40 (13 bytes)
1752313823.506769 sending message 112 to peer 0x5f8d8f99da40 (15 bytes)
1752313823.506769 sending message 112 to peer 0x5f8d8f99da40 (5 bytes)
1752313823.506770 sending message 104 to peer 0x5f8d8f99da40 (0 bytes)
1752313823.506771 sending message 110 to peer 0x5f8d8f99da40 (0 bytes)
1752313823.506772 sending message 107 to peer 0x5f8d8f99da40 (4 bytes)
1752313823.506774 sending message 105 to peer 0x5f8d8f99da40 (16 bytes)
1752313823.506774 sending message 105 to peer 0x5f8d8f99da40 (20 bytes)
1752313823.506775 sending message 105 to peer 0x5f8d8f99da40 (32 bytes)
1752313823.506776 sending message 105 to peer 0x5f8d8f99da40 (11 bytes)
1752313823.506776 sending message 105 to peer 0x5f8d8f99da40 (26 bytes)
1752313823.506777 sending message 105 to peer 0x5f8d8f99da40 (40 bytes)
1752313823.506778 sending message 105 to peer 0x5f8d8f99da40 (24 bytes)
1752313823.506778 sending message 105 to peer 0x5f8d8f99da40 (56 bytes)
1752313823.506779 sending message 105 to peer 0x5f8d8f99da40 (20 bytes)
1752313823.506780 sending message 105 to peer 0x5f8d8f99da40 (21 bytes)
1752313823.506782 sending message 105 to peer 0x5f8d8f99da40 (46 bytes)
1752313823.506782 sending message 105 to peer 0x5f8d8f99da40 (33 bytes)
1752313823.506783 sending message 105 to peer 0x5f8d8f99da40 (21 bytes)
1752313823.506784 sending message 105 to peer 0x5f8d8f99da40 (23 bytes)
1752313823.506784 sending message 105 to peer 0x5f8d8f99da40 (16 bytes)
1752313823.506785 sending message 105 to peer 0x5f8d8f99da40 (10 bytes)
1752313823.506786 sending message 105 to peer 0x5f8d8f99da40 (13 bytes)
1752313823.506787 sending message 105 to peer 0x5f8d8f99da40 (16 bytes)
1752313823.506788 sending message 105 to peer 0x5f8d8f99da40 (54 bytes)
1752313823.506788 sending message 105 to peer 0x5f8d8f99da40 (8 bytes)
1752313823.506789 sending message 105 to peer 0x5f8d8f99da40 (36 bytes)
1752313823.506790 sending message 105 to peer 0x5f8d8f99da40 (33 bytes)
1752313823.506790 sending message 105 to peer 0x5f8d8f99da40 (87 bytes)
1752313823.506791 sending message 105 to peer 0x5f8d8f99da40 (35 bytes)
1752313823.506792 sending message 105 to peer 0x5f8d8f99da40 (109 bytes)
1752313823.506793 sending message 105 to peer 0x5f8d8f99da40 (16 bytes)
1752313823.506793 sending message 105 to peer 0x5f8d8f99da40 (29 bytes)
1752313823.506794 sending message 105 to peer 0x5f8d8f99da40 (16 bytes)
1752313823.506795 sending message 105 to peer 0x5f8d8f99da40 (1759 bytes)
1752313823.506802 sending message 105 to peer 0x5f8d8f99da40 (11 bytes)
1752313823.506803 sending message 105 to peer 0x5f8d8f99da40 (152 bytes)
1752313823.506804 sending message 105 to peer 0x5f8d8f99da40 (21 bytes)
1752313823.506804 sending message 105 to peer 0x5f8d8f99da40 (48 bytes)
1752313823.506805 sending message 105 to peer 0x5f8d8f99da40 (55 bytes)
1752313823.506806 sending message 105 to peer 0x5f8d8f99da40 (12 bytes)
1752313823.506807 sending message 105 to peer 0x5f8d8f99da40 (25 bytes)
1752313823.506807 sending message 105 to peer 0x5f8d8f99da40 (31 bytes)
1752313823.506808 sending message 105 to peer 0x5f8d8f99da40 (21 bytes)
1752313823.506809 sending message 105 to peer 0x5f8d8f99da40 (21 bytes)
1752313823.506809 sending message 105 to peer 0x5f8d8f99da40 (21 bytes)
1752313823.506810 sending message 105 to peer 0x5f8d8f99da40 (31 bytes)
1752313823.506811 sending message 105 to peer 0x5f8d8f99da40 (14 bytes)
1752313823.506811 sending message 105 to peer 0x5f8d8f99da40 (11 bytes)
1752313823.506812 sending message 105 to peer 0x5f8d8f99da40 (42 bytes)
1752313823.506813 sending message 105 to peer 0x5f8d8f99da40 (24 bytes)
1752313823.506814 sending message 105 to peer 0x5f8d8f99da40 (16 bytes)
1752313823.506814 sending message 105 to peer 0x5f8d8f99da40 (16 bytes)
1752313823.506815 sending message 105 to peer 0x5f8d8f99da40 (350 bytes)
1752313823.506816 sending message 105 to peer 0x5f8d8f99da40 (46 bytes)
1752313823.506817 sending message 105 to peer 0x5f8d8f99da40 (18 bytes)
1752313823.506817 sending message 105 to peer 0x5f8d8f99da40 (17 bytes)
1752313823.506818 sending message 105 to peer 0x5f8d8f99da40 (19 bytes)
1752313823.506819 sending message 105 to peer 0x5f8d8f99da40 (16 bytes)
1752313823.506820 sending message 106 to peer 0x5f8d8f99da40 (0 bytes)
1752313823.506821 sending message 200 to peer 0x5f8d8f99da40 (4 bytes)
1752313823.506822 client loop enter
1752313823.506838 client_signal: Child exited
1752313823.594042 peer 0x5f8d8f99da40 message 207
1752313823.594048 sending message 208 to peer 0x5f8d8f99da40 (0 bytes)
1752313825.848882 peer 0x5f8d8f99da40 message 203
1752313825.848888 sending message 205 to peer 0x5f8d8f99da40 (0 bytes)
1752313825.849124 peer 0x5f8d8f99da40 message 204
1752313825.849126 client loop exit
