1758892756.936207 client started (155651): version 3.4, socket /tmp/tmux-1000/default, protocol 8
1758892756.936227 on Linux 6.14.0-29-generic #29~24.04.1-Ubuntu SMP PREEMPT_DYNAMIC Thu Aug 14 16:52:50 UTC 2
1758892756.936229 using libevent 2.1.12-stable poll
1758892756.936231 using ncurses 6.4 20240113
1758892756.936239 flags are 0x10010000
1758892756.936245 socket is /tmp/tmux-1000/default
1758892756.936252 trying connect
1758892756.936298 add peer 0x6243a8ae01b0: 6 ((nil))
1758892756.936489 sending message 100 to peer 0x6243a8ae01b0 (4 bytes)
1758892756.936493 sending message 111 to peer 0x6243a8ae01b0 (8 bytes)
1758892756.936494 sending message 101 to peer 0x6243a8ae01b0 (15 bytes)
1758892756.936496 sending message 109 to peer 0x6243a8ae01b0 (4 bytes)
1758892756.936497 sending message 102 to peer 0x6243a8ae01b0 (11 bytes)
1758892756.936499 sending message 108 to peer 0x6243a8ae01b0 (38 bytes)
1758892756.936500 sending message 112 to peer 0x6243a8ae01b0 (58 bytes)
1758892756.936502 sending message 112 to peer 0x6243a8ae01b0 (5 bytes)
1758892756.936503 sending message 112 to peer 0x6243a8ae01b0 (5 bytes)
1758892756.936504 sending message 112 to peer 0x6243a8ae01b0 (6 bytes)
1758892756.936506 sending message 112 to peer 0x6243a8ae01b0 (6 bytes)
1758892756.936507 sending message 112 to peer 0x6243a8ae01b0 (11 bytes)
1758892756.936508 sending message 112 to peer 0x6243a8ae01b0 (10 bytes)
1758892756.936510 sending message 112 to peer 0x6243a8ae01b0 (13 bytes)
1758892756.936511 sending message 112 to peer 0x6243a8ae01b0 (14 bytes)
1758892756.936512 sending message 112 to peer 0x6243a8ae01b0 (19 bytes)
1758892756.936514 sending message 112 to peer 0x6243a8ae01b0 (11 bytes)
1758892756.936515 sending message 112 to peer 0x6243a8ae01b0 (10 bytes)
1758892756.936516 sending message 112 to peer 0x6243a8ae01b0 (15 bytes)
1758892756.936518 sending message 112 to peer 0x6243a8ae01b0 (21 bytes)
1758892756.936519 sending message 112 to peer 0x6243a8ae01b0 (13 bytes)
1758892756.936520 sending message 112 to peer 0x6243a8ae01b0 (7 bytes)
1758892756.936521 sending message 112 to peer 0x6243a8ae01b0 (13 bytes)
1758892756.936523 sending message 112 to peer 0x6243a8ae01b0 (7 bytes)
1758892756.936524 sending message 112 to peer 0x6243a8ae01b0 (13 bytes)
1758892756.936525 sending message 112 to peer 0x6243a8ae01b0 (9 bytes)
1758892756.936527 sending message 112 to peer 0x6243a8ae01b0 (21 bytes)
1758892756.936528 sending message 112 to peer 0x6243a8ae01b0 (13 bytes)
1758892756.936529 sending message 112 to peer 0x6243a8ae01b0 (9 bytes)
1758892756.936531 sending message 112 to peer 0x6243a8ae01b0 (16 bytes)
1758892756.936532 sending message 112 to peer 0x6243a8ae01b0 (13 bytes)
1758892756.936533 sending message 112 to peer 0x6243a8ae01b0 (9 bytes)
1758892756.936535 sending message 112 to peer 0x6243a8ae01b0 (9 bytes)
1758892756.936536 sending message 112 to peer 0x6243a8ae01b0 (12 bytes)
1758892756.936537 sending message 112 to peer 0x6243a8ae01b0 (8 bytes)
1758892756.936538 sending message 112 to peer 0x6243a8ae01b0 (8 bytes)
1758892756.936540 sending message 112 to peer 0x6243a8ae01b0 (13 bytes)
1758892756.936541 sending message 112 to peer 0x6243a8ae01b0 (7 bytes)
1758892756.936542 sending message 112 to peer 0x6243a8ae01b0 (7 bytes)
1758892756.936544 sending message 112 to peer 0x6243a8ae01b0 (9 bytes)
1758892756.936545 sending message 112 to peer 0x6243a8ae01b0 (9 bytes)
1758892756.936546 sending message 112 to peer 0x6243a8ae01b0 (15 bytes)
1758892756.936548 sending message 112 to peer 0x6243a8ae01b0 (13 bytes)
1758892756.936549 sending message 112 to peer 0x6243a8ae01b0 (12 bytes)
1758892756.936550 sending message 112 to peer 0x6243a8ae01b0 (8 bytes)
1758892756.936551 sending message 112 to peer 0x6243a8ae01b0 (14 bytes)
1758892756.936553 sending message 112 to peer 0x6243a8ae01b0 (11 bytes)
1758892756.936554 sending message 112 to peer 0x6243a8ae01b0 (9 bytes)
1758892756.936555 sending message 112 to peer 0x6243a8ae01b0 (10 bytes)
1758892756.936557 sending message 112 to peer 0x6243a8ae01b0 (10 bytes)
1758892756.936558 sending message 112 to peer 0x6243a8ae01b0 (10 bytes)
1758892756.936563 sending message 112 to peer 0x6243a8ae01b0 (10 bytes)
1758892756.936565 sending message 112 to peer 0x6243a8ae01b0 (11 bytes)
1758892756.936566 sending message 112 to peer 0x6243a8ae01b0 (12 bytes)
1758892756.936567 sending message 112 to peer 0x6243a8ae01b0 (12 bytes)
1758892756.936569 sending message 112 to peer 0x6243a8ae01b0 (12 bytes)
1758892756.936570 sending message 112 to peer 0x6243a8ae01b0 (12 bytes)
1758892756.936571 sending message 112 to peer 0x6243a8ae01b0 (12 bytes)
1758892756.936572 sending message 112 to peer 0x6243a8ae01b0 (11 bytes)
1758892756.936574 sending message 112 to peer 0x6243a8ae01b0 (11 bytes)
1758892756.936575 sending message 112 to peer 0x6243a8ae01b0 (12 bytes)
1758892756.936576 sending message 112 to peer 0x6243a8ae01b0 (12 bytes)
1758892756.936578 sending message 112 to peer 0x6243a8ae01b0 (12 bytes)
1758892756.936579 sending message 112 to peer 0x6243a8ae01b0 (12 bytes)
1758892756.936580 sending message 112 to peer 0x6243a8ae01b0 (12 bytes)
1758892756.936581 sending message 112 to peer 0x6243a8ae01b0 (9 bytes)
1758892756.936583 sending message 112 to peer 0x6243a8ae01b0 (12 bytes)
1758892756.936584 sending message 112 to peer 0x6243a8ae01b0 (13 bytes)
1758892756.936585 sending message 112 to peer 0x6243a8ae01b0 (13 bytes)
1758892756.936587 sending message 112 to peer 0x6243a8ae01b0 (13 bytes)
1758892756.936588 sending message 112 to peer 0x6243a8ae01b0 (13 bytes)
1758892756.936589 sending message 112 to peer 0x6243a8ae01b0 (13 bytes)
1758892756.936591 sending message 112 to peer 0x6243a8ae01b0 (8 bytes)
1758892756.936592 sending message 112 to peer 0x6243a8ae01b0 (11 bytes)
1758892756.936593 sending message 112 to peer 0x6243a8ae01b0 (11 bytes)
1758892756.936595 sending message 112 to peer 0x6243a8ae01b0 (11 bytes)
1758892756.936596 sending message 112 to peer 0x6243a8ae01b0 (12 bytes)
1758892756.936597 sending message 112 to peer 0x6243a8ae01b0 (12 bytes)
1758892756.936599 sending message 112 to peer 0x6243a8ae01b0 (12 bytes)
1758892756.936600 sending message 112 to peer 0x6243a8ae01b0 (12 bytes)
1758892756.936601 sending message 112 to peer 0x6243a8ae01b0 (13 bytes)
1758892756.936602 sending message 112 to peer 0x6243a8ae01b0 (13 bytes)
1758892756.936604 sending message 112 to peer 0x6243a8ae01b0 (13 bytes)
1758892756.936605 sending message 112 to peer 0x6243a8ae01b0 (8 bytes)
1758892756.936606 sending message 112 to peer 0x6243a8ae01b0 (13 bytes)
1758892756.936608 sending message 112 to peer 0x6243a8ae01b0 (13 bytes)
1758892756.936609 sending message 112 to peer 0x6243a8ae01b0 (13 bytes)
1758892756.936610 sending message 112 to peer 0x6243a8ae01b0 (13 bytes)
1758892756.936612 sending message 112 to peer 0x6243a8ae01b0 (13 bytes)
1758892756.936613 sending message 112 to peer 0x6243a8ae01b0 (12 bytes)
1758892756.936614 sending message 112 to peer 0x6243a8ae01b0 (12 bytes)
1758892756.936616 sending message 112 to peer 0x6243a8ae01b0 (12 bytes)
1758892756.936617 sending message 112 to peer 0x6243a8ae01b0 (12 bytes)
1758892756.936618 sending message 112 to peer 0x6243a8ae01b0 (13 bytes)
1758892756.936620 sending message 112 to peer 0x6243a8ae01b0 (8 bytes)
1758892756.936621 sending message 112 to peer 0x6243a8ae01b0 (13 bytes)
1758892756.936622 sending message 112 to peer 0x6243a8ae01b0 (13 bytes)
1758892756.936624 sending message 112 to peer 0x6243a8ae01b0 (13 bytes)
1758892756.936625 sending message 112 to peer 0x6243a8ae01b0 (13 bytes)
1758892756.936626 sending message 112 to peer 0x6243a8ae01b0 (13 bytes)
1758892756.936627 sending message 112 to peer 0x6243a8ae01b0 (13 bytes)
1758892756.936629 sending message 112 to peer 0x6243a8ae01b0 (13 bytes)
1758892756.936630 sending message 112 to peer 0x6243a8ae01b0 (12 bytes)
1758892756.936631 sending message 112 to peer 0x6243a8ae01b0 (12 bytes)
1758892756.936633 sending message 112 to peer 0x6243a8ae01b0 (12 bytes)
1758892756.936634 sending message 112 to peer 0x6243a8ae01b0 (8 bytes)
1758892756.936635 sending message 112 to peer 0x6243a8ae01b0 (12 bytes)
1758892756.936637 sending message 112 to peer 0x6243a8ae01b0 (13 bytes)
1758892756.936640 sending message 112 to peer 0x6243a8ae01b0 (13 bytes)
1758892756.936641 sending message 112 to peer 0x6243a8ae01b0 (13 bytes)
1758892756.936643 sending message 112 to peer 0x6243a8ae01b0 (13 bytes)
1758892756.936644 sending message 112 to peer 0x6243a8ae01b0 (13 bytes)
1758892756.936645 sending message 112 to peer 0x6243a8ae01b0 (13 bytes)
1758892756.936647 sending message 112 to peer 0x6243a8ae01b0 (13 bytes)
1758892756.936648 sending message 112 to peer 0x6243a8ae01b0 (13 bytes)
1758892756.936649 sending message 112 to peer 0x6243a8ae01b0 (12 bytes)
1758892756.936651 sending message 112 to peer 0x6243a8ae01b0 (10 bytes)
1758892756.936652 sending message 112 to peer 0x6243a8ae01b0 (12 bytes)
1758892756.936653 sending message 112 to peer 0x6243a8ae01b0 (12 bytes)
1758892756.936655 sending message 112 to peer 0x6243a8ae01b0 (12 bytes)
1758892756.936656 sending message 112 to peer 0x6243a8ae01b0 (13 bytes)
1758892756.936657 sending message 112 to peer 0x6243a8ae01b0 (13 bytes)
1758892756.936659 sending message 112 to peer 0x6243a8ae01b0 (13 bytes)
1758892756.936660 sending message 112 to peer 0x6243a8ae01b0 (13 bytes)
1758892756.936661 sending message 112 to peer 0x6243a8ae01b0 (13 bytes)
1758892756.936663 sending message 112 to peer 0x6243a8ae01b0 (13 bytes)
1758892756.936664 sending message 112 to peer 0x6243a8ae01b0 (13 bytes)
1758892756.936665 sending message 112 to peer 0x6243a8ae01b0 (10 bytes)
1758892756.936666 sending message 112 to peer 0x6243a8ae01b0 (13 bytes)
1758892756.936668 sending message 112 to peer 0x6243a8ae01b0 (12 bytes)
1758892756.936669 sending message 112 to peer 0x6243a8ae01b0 (12 bytes)
1758892756.936670 sending message 112 to peer 0x6243a8ae01b0 (12 bytes)
1758892756.936672 sending message 112 to peer 0x6243a8ae01b0 (10 bytes)
1758892756.936673 sending message 112 to peer 0x6243a8ae01b0 (10 bytes)
1758892756.936674 sending message 112 to peer 0x6243a8ae01b0 (10 bytes)
1758892756.936676 sending message 112 to peer 0x6243a8ae01b0 (12 bytes)
1758892756.936677 sending message 112 to peer 0x6243a8ae01b0 (13 bytes)
1758892756.936678 sending message 112 to peer 0x6243a8ae01b0 (13 bytes)
1758892756.936680 sending message 112 to peer 0x6243a8ae01b0 (13 bytes)
1758892756.936681 sending message 112 to peer 0x6243a8ae01b0 (13 bytes)
1758892756.936682 sending message 112 to peer 0x6243a8ae01b0 (13 bytes)
1758892756.936684 sending message 112 to peer 0x6243a8ae01b0 (10 bytes)
1758892756.936685 sending message 112 to peer 0x6243a8ae01b0 (11 bytes)
1758892756.936686 sending message 112 to peer 0x6243a8ae01b0 (12 bytes)
1758892756.936688 sending message 112 to peer 0x6243a8ae01b0 (12 bytes)
1758892756.936689 sending message 112 to peer 0x6243a8ae01b0 (12 bytes)
1758892756.936690 sending message 112 to peer 0x6243a8ae01b0 (12 bytes)
1758892756.936691 sending message 112 to peer 0x6243a8ae01b0 (12 bytes)
1758892756.936693 sending message 112 to peer 0x6243a8ae01b0 (11 bytes)
1758892756.936694 sending message 112 to peer 0x6243a8ae01b0 (12 bytes)
1758892756.936695 sending message 112 to peer 0x6243a8ae01b0 (12 bytes)
1758892756.936697 sending message 112 to peer 0x6243a8ae01b0 (13 bytes)
1758892756.936698 sending message 112 to peer 0x6243a8ae01b0 (13 bytes)
1758892756.936699 sending message 112 to peer 0x6243a8ae01b0 (13 bytes)
1758892756.936701 sending message 112 to peer 0x6243a8ae01b0 (13 bytes)
1758892756.936702 sending message 112 to peer 0x6243a8ae01b0 (13 bytes)
1758892756.936703 sending message 112 to peer 0x6243a8ae01b0 (10 bytes)
1758892756.936704 sending message 112 to peer 0x6243a8ae01b0 (9 bytes)
1758892756.936706 sending message 112 to peer 0x6243a8ae01b0 (12 bytes)
1758892756.936707 sending message 112 to peer 0x6243a8ae01b0 (13 bytes)
1758892756.936708 sending message 112 to peer 0x6243a8ae01b0 (13 bytes)
1758892756.936710 sending message 112 to peer 0x6243a8ae01b0 (13 bytes)
1758892756.936711 sending message 112 to peer 0x6243a8ae01b0 (13 bytes)
1758892756.936712 sending message 112 to peer 0x6243a8ae01b0 (13 bytes)
1758892756.936714 sending message 112 to peer 0x6243a8ae01b0 (9 bytes)
1758892756.936717 sending message 112 to peer 0x6243a8ae01b0 (12 bytes)
1758892756.936718 sending message 112 to peer 0x6243a8ae01b0 (13 bytes)
1758892756.936719 sending message 112 to peer 0x6243a8ae01b0 (13 bytes)
1758892756.936721 sending message 112 to peer 0x6243a8ae01b0 (13 bytes)
1758892756.936722 sending message 112 to peer 0x6243a8ae01b0 (13 bytes)
1758892756.936723 sending message 112 to peer 0x6243a8ae01b0 (13 bytes)
1758892756.936725 sending message 112 to peer 0x6243a8ae01b0 (11 bytes)
1758892756.936726 sending message 112 to peer 0x6243a8ae01b0 (12 bytes)
1758892756.936727 sending message 112 to peer 0x6243a8ae01b0 (13 bytes)
1758892756.936729 sending message 112 to peer 0x6243a8ae01b0 (13 bytes)
1758892756.936730 sending message 112 to peer 0x6243a8ae01b0 (13 bytes)
1758892756.936731 sending message 112 to peer 0x6243a8ae01b0 (13 bytes)
1758892756.936733 sending message 112 to peer 0x6243a8ae01b0 (13 bytes)
1758892756.936734 sending message 112 to peer 0x6243a8ae01b0 (11 bytes)
1758892756.936735 sending message 112 to peer 0x6243a8ae01b0 (12 bytes)
1758892756.936737 sending message 112 to peer 0x6243a8ae01b0 (12 bytes)
1758892756.936738 sending message 112 to peer 0x6243a8ae01b0 (12 bytes)
1758892756.936739 sending message 112 to peer 0x6243a8ae01b0 (12 bytes)
1758892756.936740 sending message 112 to peer 0x6243a8ae01b0 (12 bytes)
1758892756.936742 sending message 112 to peer 0x6243a8ae01b0 (21 bytes)
1758892756.936743 sending message 112 to peer 0x6243a8ae01b0 (12 bytes)
1758892756.936745 sending message 112 to peer 0x6243a8ae01b0 (9 bytes)
1758892756.936746 sending message 112 to peer 0x6243a8ae01b0 (6 bytes)
1758892756.936747 sending message 112 to peer 0x6243a8ae01b0 (13 bytes)
1758892756.936748 sending message 112 to peer 0x6243a8ae01b0 (10 bytes)
1758892756.936750 sending message 112 to peer 0x6243a8ae01b0 (24 bytes)
1758892756.936751 sending message 112 to peer 0x6243a8ae01b0 (13 bytes)
1758892756.936752 sending message 112 to peer 0x6243a8ae01b0 (9 bytes)
1758892756.936754 sending message 112 to peer 0x6243a8ae01b0 (70 bytes)
1758892756.936755 sending message 112 to peer 0x6243a8ae01b0 (69 bytes)
1758892756.936757 sending message 112 to peer 0x6243a8ae01b0 (12 bytes)
1758892756.936758 sending message 112 to peer 0x6243a8ae01b0 (10 bytes)
1758892756.936759 sending message 112 to peer 0x6243a8ae01b0 (10 bytes)
1758892756.936761 sending message 112 to peer 0x6243a8ae01b0 (24 bytes)
1758892756.936762 sending message 112 to peer 0x6243a8ae01b0 (13 bytes)
1758892756.936764 sending message 112 to peer 0x6243a8ae01b0 (10 bytes)
1758892756.936765 sending message 112 to peer 0x6243a8ae01b0 (10 bytes)
1758892756.936766 sending message 112 to peer 0x6243a8ae01b0 (10 bytes)
1758892756.936767 sending message 112 to peer 0x6243a8ae01b0 (13 bytes)
1758892756.936769 sending message 112 to peer 0x6243a8ae01b0 (15 bytes)
1758892756.936770 sending message 112 to peer 0x6243a8ae01b0 (5 bytes)
1758892756.936772 sending message 104 to peer 0x6243a8ae01b0 (0 bytes)
1758892756.936774 sending message 110 to peer 0x6243a8ae01b0 (0 bytes)
1758892756.936775 sending message 107 to peer 0x6243a8ae01b0 (4 bytes)
1758892756.936777 sending message 105 to peer 0x6243a8ae01b0 (16 bytes)
1758892756.936778 sending message 105 to peer 0x6243a8ae01b0 (42 bytes)
1758892756.936779 sending message 105 to peer 0x6243a8ae01b0 (11 bytes)
1758892756.936781 sending message 105 to peer 0x6243a8ae01b0 (23 bytes)
1758892756.936782 sending message 105 to peer 0x6243a8ae01b0 (20 bytes)
1758892756.936783 sending message 105 to peer 0x6243a8ae01b0 (54 bytes)
1758892756.936785 sending message 105 to peer 0x6243a8ae01b0 (47 bytes)
1758892756.936786 sending message 105 to peer 0x6243a8ae01b0 (19 bytes)
1758892756.936787 sending message 105 to peer 0x6243a8ae01b0 (57 bytes)
1758892756.936789 sending message 105 to peer 0x6243a8ae01b0 (11 bytes)
1758892756.936790 sending message 105 to peer 0x6243a8ae01b0 (22 bytes)
1758892756.936791 sending message 105 to peer 0x6243a8ae01b0 (42 bytes)
1758892756.936793 sending message 105 to peer 0x6243a8ae01b0 (14 bytes)
1758892756.936796 sending message 105 to peer 0x6243a8ae01b0 (80 bytes)
1758892756.936798 sending message 105 to peer 0x6243a8ae01b0 (152 bytes)
1758892756.936799 sending message 105 to peer 0x6243a8ae01b0 (16 bytes)
1758892756.936800 sending message 105 to peer 0x6243a8ae01b0 (19 bytes)
1758892756.936802 sending message 105 to peer 0x6243a8ae01b0 (12 bytes)
1758892756.936803 sending message 105 to peer 0x6243a8ae01b0 (14 bytes)
1758892756.936804 sending message 105 to peer 0x6243a8ae01b0 (41 bytes)
1758892756.936806 sending message 105 to peer 0x6243a8ae01b0 (38 bytes)
1758892756.936807 sending message 105 to peer 0x6243a8ae01b0 (37 bytes)
1758892756.936809 sending message 105 to peer 0x6243a8ae01b0 (35 bytes)
1758892756.936810 sending message 105 to peer 0x6243a8ae01b0 (52 bytes)
1758892756.936811 sending message 105 to peer 0x6243a8ae01b0 (49 bytes)
1758892756.936813 sending message 105 to peer 0x6243a8ae01b0 (35 bytes)
1758892756.936814 sending message 105 to peer 0x6243a8ae01b0 (52 bytes)
1758892756.936816 sending message 105 to peer 0x6243a8ae01b0 (19 bytes)
1758892756.936817 sending message 105 to peer 0x6243a8ae01b0 (28 bytes)
1758892756.936818 sending message 105 to peer 0x6243a8ae01b0 (30 bytes)
1758892756.936820 sending message 105 to peer 0x6243a8ae01b0 (16 bytes)
1758892756.936821 sending message 105 to peer 0x6243a8ae01b0 (17 bytes)
1758892756.936822 sending message 105 to peer 0x6243a8ae01b0 (42 bytes)
1758892756.936824 sending message 105 to peer 0x6243a8ae01b0 (41 bytes)
1758892756.936825 sending message 105 to peer 0x6243a8ae01b0 (45 bytes)
1758892756.936826 sending message 105 to peer 0x6243a8ae01b0 (12 bytes)
1758892756.936828 sending message 105 to peer 0x6243a8ae01b0 (45 bytes)
1758892756.936829 sending message 105 to peer 0x6243a8ae01b0 (55 bytes)
1758892756.936830 sending message 105 to peer 0x6243a8ae01b0 (25 bytes)
1758892756.936832 sending message 105 to peer 0x6243a8ae01b0 (31 bytes)
1758892756.936833 sending message 105 to peer 0x6243a8ae01b0 (21 bytes)
1758892756.936835 sending message 105 to peer 0x6243a8ae01b0 (21 bytes)
1758892756.936836 sending message 105 to peer 0x6243a8ae01b0 (28 bytes)
1758892756.936837 sending message 105 to peer 0x6243a8ae01b0 (21 bytes)
1758892756.936839 sending message 105 to peer 0x6243a8ae01b0 (31 bytes)
1758892756.936840 sending message 105 to peer 0x6243a8ae01b0 (14 bytes)
1758892756.936841 sending message 105 to peer 0x6243a8ae01b0 (41 bytes)
1758892756.936843 sending message 105 to peer 0x6243a8ae01b0 (52 bytes)
1758892756.936844 sending message 105 to peer 0x6243a8ae01b0 (48 bytes)
1758892756.936845 sending message 105 to peer 0x6243a8ae01b0 (52 bytes)
1758892756.936847 sending message 105 to peer 0x6243a8ae01b0 (16 bytes)
1758892756.936848 sending message 105 to peer 0x6243a8ae01b0 (25 bytes)
1758892756.936849 sending message 105 to peer 0x6243a8ae01b0 (61 bytes)
1758892756.936851 sending message 105 to peer 0x6243a8ae01b0 (45 bytes)
1758892756.936852 sending message 105 to peer 0x6243a8ae01b0 (11 bytes)
1758892756.936853 sending message 105 to peer 0x6243a8ae01b0 (43 bytes)
1758892756.936855 sending message 105 to peer 0x6243a8ae01b0 (39 bytes)
1758892756.936856 sending message 105 to peer 0x6243a8ae01b0 (87 bytes)
1758892756.936857 sending message 105 to peer 0x6243a8ae01b0 (42 bytes)
1758892756.936859 sending message 105 to peer 0x6243a8ae01b0 (30 bytes)
1758892756.936860 sending message 105 to peer 0x6243a8ae01b0 (16 bytes)
1758892756.936861 sending message 105 to peer 0x6243a8ae01b0 (24 bytes)
1758892756.936863 sending message 105 to peer 0x6243a8ae01b0 (67 bytes)
1758892756.936864 sending message 105 to peer 0x6243a8ae01b0 (50 bytes)
1758892756.936865 sending message 105 to peer 0x6243a8ae01b0 (55 bytes)
1758892756.936867 sending message 105 to peer 0x6243a8ae01b0 (19 bytes)
1758892756.936868 sending message 105 to peer 0x6243a8ae01b0 (30 bytes)
1758892756.936869 sending message 105 to peer 0x6243a8ae01b0 (28 bytes)
1758892756.936871 sending message 105 to peer 0x6243a8ae01b0 (18 bytes)
1758892756.936872 sending message 105 to peer 0x6243a8ae01b0 (20 bytes)
1758892756.936875 sending message 105 to peer 0x6243a8ae01b0 (20 bytes)
1758892756.936876 sending message 105 to peer 0x6243a8ae01b0 (30 bytes)
1758892756.936878 sending message 105 to peer 0x6243a8ae01b0 (16 bytes)
1758892756.936879 sending message 105 to peer 0x6243a8ae01b0 (35 bytes)
1758892756.936880 sending message 105 to peer 0x6243a8ae01b0 (16 bytes)
1758892756.936882 sending message 105 to peer 0x6243a8ae01b0 (15 bytes)
1758892756.936883 sending message 105 to peer 0x6243a8ae01b0 (8 bytes)
1758892756.936884 sending message 105 to peer 0x6243a8ae01b0 (109 bytes)
1758892756.936886 sending message 105 to peer 0x6243a8ae01b0 (51 bytes)
1758892756.936887 sending message 105 to peer 0x6243a8ae01b0 (20 bytes)
1758892756.936888 sending message 105 to peer 0x6243a8ae01b0 (17 bytes)
1758892756.936890 sending message 105 to peer 0x6243a8ae01b0 (18 bytes)
1758892756.936891 sending message 105 to peer 0x6243a8ae01b0 (25 bytes)
1758892756.936892 sending message 105 to peer 0x6243a8ae01b0 (36 bytes)
1758892756.936896 sending message 105 to peer 0x6243a8ae01b0 (14 bytes)
1758892756.936898 sending message 105 to peer 0x6243a8ae01b0 (59 bytes)
1758892756.936899 sending message 105 to peer 0x6243a8ae01b0 (11 bytes)
1758892756.936900 sending message 105 to peer 0x6243a8ae01b0 (15 bytes)
1758892756.936902 sending message 105 to peer 0x6243a8ae01b0 (61 bytes)
1758892756.936903 sending message 105 to peer 0x6243a8ae01b0 (47 bytes)
1758892756.936904 sending message 105 to peer 0x6243a8ae01b0 (60 bytes)
1758892756.936905 sending message 105 to peer 0x6243a8ae01b0 (40 bytes)
1758892756.936907 sending message 105 to peer 0x6243a8ae01b0 (32 bytes)
1758892756.936908 sending message 105 to peer 0x6243a8ae01b0 (15 bytes)
1758892756.936909 sending message 105 to peer 0x6243a8ae01b0 (58 bytes)
1758892756.936911 sending message 105 to peer 0x6243a8ae01b0 (39 bytes)
1758892756.936912 sending message 105 to peer 0x6243a8ae01b0 (13 bytes)
1758892756.936913 sending message 105 to peer 0x6243a8ae01b0 (57 bytes)
1758892756.936915 sending message 105 to peer 0x6243a8ae01b0 (41 bytes)
1758892756.936916 sending message 105 to peer 0x6243a8ae01b0 (16 bytes)
1758892756.936917 sending message 105 to peer 0x6243a8ae01b0 (34 bytes)
1758892756.936919 sending message 105 to peer 0x6243a8ae01b0 (41 bytes)
1758892756.936920 sending message 105 to peer 0x6243a8ae01b0 (36 bytes)
1758892756.936921 sending message 105 to peer 0x6243a8ae01b0 (23 bytes)
1758892756.936922 sending message 105 to peer 0x6243a8ae01b0 (176 bytes)
1758892756.936924 sending message 105 to peer 0x6243a8ae01b0 (39 bytes)
1758892756.936926 sending message 105 to peer 0x6243a8ae01b0 (31 bytes)
1758892756.936928 sending message 105 to peer 0x6243a8ae01b0 (15 bytes)
1758892756.936929 sending message 105 to peer 0x6243a8ae01b0 (23 bytes)
1758892756.936931 sending message 105 to peer 0x6243a8ae01b0 (23 bytes)
1758892756.936932 sending message 105 to peer 0x6243a8ae01b0 (17 bytes)
1758892756.936933 sending message 105 to peer 0x6243a8ae01b0 (21 bytes)
1758892756.936935 sending message 105 to peer 0x6243a8ae01b0 (11 bytes)
1758892756.936936 sending message 105 to peer 0x6243a8ae01b0 (40 bytes)
1758892756.936937 sending message 105 to peer 0x6243a8ae01b0 (20 bytes)
1758892756.936938 sending message 105 to peer 0x6243a8ae01b0 (42 bytes)
1758892756.936940 sending message 105 to peer 0x6243a8ae01b0 (46 bytes)
1758892756.936941 sending message 105 to peer 0x6243a8ae01b0 (32 bytes)
1758892756.936942 sending message 105 to peer 0x6243a8ae01b0 (16 bytes)
1758892756.936944 sending message 105 to peer 0x6243a8ae01b0 (30 bytes)
1758892756.936945 sending message 105 to peer 0x6243a8ae01b0 (66 bytes)
1758892756.936946 sending message 105 to peer 0x6243a8ae01b0 (100 bytes)
1758892756.936948 sending message 105 to peer 0x6243a8ae01b0 (1023 bytes)
1758892756.936958 sending message 105 to peer 0x6243a8ae01b0 (33 bytes)
1758892756.936960 sending message 105 to peer 0x6243a8ae01b0 (17 bytes)
1758892756.936961 sending message 105 to peer 0x6243a8ae01b0 (19 bytes)
1758892756.936963 sending message 106 to peer 0x6243a8ae01b0 (0 bytes)
1758892756.936997 sending message 200 to peer 0x6243a8ae01b0 (4 bytes)
1758892756.936999 client loop enter
1758892756.937375 peer 0x6243a8ae01b0 message 303
1758892756.937380 open write file 2 -
1758892756.937384 sending message 305 to peer 0x6243a8ae01b0 (8 bytes)
1758892756.937392 write check file 2
1758892756.937521 peer 0x6243a8ae01b0 message 304
1758892756.937524 write 58 to file 2
1758892756.937526 peer 0x6243a8ae01b0 message 203
1758892756.937528 file 2 58 bytes left
1758892756.937549 write check file 2
1758892756.937550 client loop exit
